<?xml version="1.0" encoding="UTF-8"?>
<!-- Generated by org.testng.reporters.JUnitReportReporter -->
<testsuite hostname="DESKTOP-FOGSK9I" failures="0" tests="1" name="com.testNG_file.Parameterized_Test" time="0.008" errors="0" timestamp="2021-12-28T18:37:02 IST" skipped="0">
  <testcase classname="com.testNG_file.Parameterized_Test" name="credentials" time="0.008"/>
  <system-out/>
</testsuite> <!-- com.testNG_file.Parameterized_Test -->
