<?xml version="1.0" encoding="UTF-8"?>
<!-- Generated by org.testng.reporters.JUnitReportReporter -->
<testsuite hostname="DESKTOP-FOGSK9I" failures="0" tests="2" name="com.testNG_file.Multiple_Datas" time="0.009" errors="0" timestamp="2021-12-28T18:32:28 IST" skipped="0">
  <testcase classname="com.testNG_file.Multiple_Datas" name="data" time="0.001"/>
  <system-out/>
  <testcase classname="com.testNG_file.Multiple_Datas" name="data" time="0.008"/>
  <system-out/>
</testsuite> <!-- com.testNG_file.Multiple_Datas -->
