<?xml version="1.0" encoding="UTF-8"?>
<!-- Generated by org.testng.reporters.JUnitReportReporter -->
<testsuite hostname="DESKTOP-FOGSK9I" failures="0" tests="3" name="com.testNG_file.Simple_annotation" time="0.011" errors="0" timestamp="2021-12-28T18:39:55 IST" skipped="0">
  <testcase classname="com.testNG_file.Simple_annotation" name="men" time="0.002"/>
  <system-out/>
  <testcase classname="com.testNG_file.Simple_annotation" name="women" time="0.001"/>
  <system-out/>
  <testcase classname="com.testNG_file.Simple_annotation" name="kids" time="0.008"/>
  <system-out/>
</testsuite> <!-- com.testNG_file.Simple_annotation -->
