<?xml version="1.0" encoding="UTF-8"?>
<!-- Generated by org.testng.reporters.JUnitReportReporter -->
<testsuite hostname="DESKTOP-FOGSK9I" failures="0" tests="1" name="com.testNG_file.Soft_Assert" time="0.017" errors="0" timestamp="2021-12-28T18:40:49 IST" skipped="0">
  <testcase classname="com.testNG_file.Soft_Assert" name="demo_username" time="0.017"/>
  <system-out/>
</testsuite> <!-- com.testNG_file.Soft_Assert -->
