<?xml version="1.0" encoding="UTF-8"?>
<!-- Generated by org.testng.reporters.JUnitReportReporter -->
<testsuite hostname="DESKTOP-FOGSK9I" failures="0" tests="3" name="com.testNG_file.Priority_features" time="0.013" errors="0" timestamp="2021-12-28T18:38:08 IST" skipped="0">
  <testcase classname="com.testNG_file.Priority_features" name="women" time="0.009"/>
  <system-out/>
  <testcase classname="com.testNG_file.Priority_features" name="men" time="0.002"/>
  <system-out/>
  <testcase classname="com.testNG_file.Priority_features" name="kids" time="0.002"/>
  <system-out/>
</testsuite> <!-- com.testNG_file.Priority_features -->
