<?xml version="1.0" encoding="UTF-8"?>
<!-- Generated by org.testng.reporters.JUnitReportReporter -->
<testsuite hostname="DESKTOP-FOGSK9I" failures="0" tests="3" name="com.mini_runner.Testng_demo" time="0.010" errors="0" timestamp="2021-12-27T13:31:50 IST" skipped="0">
  <testcase classname="com.mini_runner.Testng_demo" name="men" time="0.002"/>
  <system-out/>
  <testcase classname="com.mini_runner.Testng_demo" name="women" time="0.003"/>
  <system-out/>
  <testcase classname="com.mini_runner.Testng_demo" name="kids" time="0.005"/>
  <system-out/>
</testsuite> <!-- com.mini_runner.Testng_demo -->
