<?xml version="1.0" encoding="UTF-8"?>
<!-- Generated by org.testng.reporters.JUnitReportReporter -->
<testsuite hostname="DESKTOP-FOGSK9I" failures="0" tests="5" name="com.testNG_file.Invocation_count" time="0.016" errors="0" timestamp="2021-12-28T18:31:06 IST" skipped="0">
  <testcase classname="com.testNG_file.Invocation_count" name="browserlaunch" time="0.009"/>
  <system-out/>
  <testcase classname="com.testNG_file.Invocation_count" name="url" time="0.001"/>
  <system-out/>
  <testcase classname="com.testNG_file.Invocation_count" name="refresh" time="0.003"/>
  <system-out/>
  <testcase classname="com.testNG_file.Invocation_count" name="refresh" time="0.001"/>
  <system-out/>
  <testcase classname="com.testNG_file.Invocation_count" name="refresh" time="0.002"/>
  <system-out/>
</testsuite> <!-- com.testNG_file.Invocation_count -->
