<?xml version="1.0" encoding="UTF-8"?>
<!-- Generated by org.testng.reporters.JUnitReportReporter -->
<testsuite hostname="DESKTOP-FOGSK9I" failures="0" tests="3" name="com.testNG_file.Testng_demo" time="0.013" errors="0" timestamp="2021-12-27T13:42:02 IST" skipped="0">
  <testcase classname="com.testNG_file.Testng_demo" name="men" time="0.003"/>
  <system-out/>
  <testcase classname="com.testNG_file.Testng_demo" name="women" time="0.002"/>
  <system-out/>
  <testcase classname="com.testNG_file.Testng_demo" name="kids" time="0.008"/>
  <system-out/>
</testsuite> <!-- com.testNG_file.Testng_demo -->
