<?xml version="1.0" encoding="UTF-8"?>
<!-- Generated by org.testng.reporters.JUnitReportReporter -->
<testsuite hostname="DESKTOP-FOGSK9I" failures="0" tests="3" name="com.testNG_file.Dependency_demo" time="0.012" errors="0" timestamp="2021-12-28T18:25:31 IST" skipped="0">
  <testcase classname="com.testNG_file.Dependency_demo" name="watch" time="0.002"/>
  <system-out/>
  <testcase classname="com.testNG_file.Dependency_demo" name="offer" time="0.002"/>
  <system-out/>
  <testcase classname="com.testNG_file.Dependency_demo" name="mobile" time="0.008"/>
  <system-out/>
</testsuite> <!-- com.testNG_file.Dependency_demo -->
