<?xml version="1.0" encoding="UTF-8"?>
<!-- Generated by org.testng.reporters.JUnitReportReporter -->
<testsuite hostname="DESKTOP-FOGSK9I" failures="0" tests="4" name="com.testNG_file.Grouping_features" time="0.017" errors="0" timestamp="2021-12-28T18:28:15 IST" skipped="0">
  <testcase classname="com.testNG_file.Grouping_features" name="facebook" time="0.010"/>
  <system-out/>
  <testcase classname="com.testNG_file.Grouping_features" name="wynkmusic" time="0.002"/>
  <system-out/>
  <testcase classname="com.testNG_file.Grouping_features" name="spotify" time="0.002"/>
  <system-out/>
  <testcase classname="com.testNG_file.Grouping_features" name="whatsapp" time="0.003"/>
  <system-out/>
</testsuite> <!-- com.testNG_file.Grouping_features -->
