<?xml version="1.0" encoding="UTF-8"?>
<!-- Generated by org.testng.reporters.JUnitReportReporter -->
<testsuite hostname="DESKTOP-FOGSK9I" failures="0" tests="4" name="com.testNG_file.Ignore_concept" time="0.016" errors="0" timestamp="2021-12-27T16:08:49 IST" skipped="1">
  <testcase classname="com.testNG_file.Ignore_concept" name="spotify" time="0.001"/>
  <system-out/>
  <testcase classname="com.testNG_file.Ignore_concept" name="facebook" time="0.014"/>
  <system-out/>
  <testcase classname="com.testNG_file.Ignore_concept" name="whatsapp" time="0.001"/>
  <system-out/>
  <testcase classname="com.testNG_file.Ignore_concept" name="wynkmuusic">
    <skipped/>
  </testcase> <!-- wynkmuusic -->
  <system-out/>
</testsuite> <!-- com.testNG_file.Ignore_concept -->
